_$	0
다_	1
영화	2
는_	3
이_	4
고_	5
_영	6
도_	7
가_	8
_이	9
의_	10
은_	11
에_	12
게_	13
을_	14
서_	15
ㅋㅋ	16
_아	17
한_	18
지_	19
로_	20
_그	21
화_	22
요_	23
_보	24
데_	25
만_	26
_재	27
를_	28
다$	29
니다	30
는데	31
나_	32
면_	33
너무	34
재미	35
_나	36
_하	37
_다	38
_없	39
_좋	40
_정	41
하고	42
_있	43
_사	44
정말	45
_연	46
_너	47
으로	48
_감	49
말_	50
지만	51
하는	52
$이	53
무_	54
기_	55
_어	56
네요	57
재밌	58
_안	59
_지	60
연기	61
_만	62
_내	63
진짜	64
_진	65
_시	66
_한	67
에서	68
_스	69
_가	70
_1	71
_최	72
_봤	73
음_	74
라_	75
짜_	76
보고	77
리_	78
_ㅋ	79
_기	80
_대	81
최고	82
과_	83
화$	84
_전	85
_수	86
평점	87
_모	88
니_	89
어요	90
이런	91
_무	92
생각	93
_생	94
히_	95
_평	96
_마	97
_잘	98
하다	99
_않	100
ㅋ$	101
들_	102
보다	103
_여	104
스토	105
습니	106
인_	107
_주	108
드라	109
토리	110
_더	111
이다	112
점_	113
네_	114
라마	115
배우	116
수_	117
아_	118
아니	119
하지	120
와_	121
거_	122
있는	123
없는	124
_드	125
사람	126
건_	127
들이	128
_인	129
감동	130
_배	131
요$	132
던_	133
_말	134
런_	135
_같	136
보는	137
_제	138
_못	139
_개	140
없다	141
_자	142
까지	143
하게	144
시_	145
_왜	146
지루	147
$아	148
야_	149
_오	150
운_	151
_느	152
_남	153
ㅠㅠ	154
_본	155
이라	156
미있	157
_알	158
만들	159
내용	160
10	161
감독	162
화를	163
$재	164
그냥	165
다는	166
어_	167
시간	168
_것	169
_소	170
었다	171
화가	172
_볼	173
냥_	174
_미	175
미없	176
_비	177
해_	178
더_	179
화는	180
_유	181
까_	182
ㅋ_	183
_많	184
하나	185
전_	186
레기	187
_작	188
마_	189
왜_	190
쓰레	191
_장	192
_일	193
내_	194
사랑	195
같은	196
해서	197
면서	198
_부	199
_쓰	200
라고	201
좋아	202
본_	203
봤는	204
좀_	205
_2	206
_해	207
_공	208
_중	209
_끝	210
$정	211
점이	212
적인	213
좋은	214
다시	215
_우	216
나오	217
_별	218
렇게	219
_조	220
리고	221
_뭐	222
냐_	223
이거	224
으면	225
때_	226
이야	227
_좀	228
보면	229
할_	230
다가	231
듯_	232
작품	233
_애	234
_되	235
$진	236
있다	237
0점	238
라는	239
정도	240
_ㅠ	241
랑_	242
한다	243
ㅎㅎ	244
이건	245
마지	246
_저	247
자_	248
지막	249
대_	250
$영	251
_웃	252
액션	253
진_	254
것_	255
_봐	256
그_	257
걸_	258
난_	259
지는	260
_고	261
입니	262
잘_	263
_싶	264
_명	265
완전	266
$그	267
기대	268
_반	269
_참	270
다고	271
_역	272
고의	273
내가	274
든_	275
_완	276
적이	277
_거	278
좋았	279
$내	280
들어	281
되는	282
터_	283
장면	284
_눈	285
음$	286
_결	287
들의	288
그리	289
우들	290
_바	291
아깝	292
했다	293
_상	294
_매	295
_예	296
처음	297
_신	298
OO	299
주인	300
이렇	301
작_	302
없고	303
_실	304
간_	305
인공	306
있었	307
하면	308
주는	309
지금	310
는거	311
함_	312
이게	313
모르	314
말이	315
_살	316
_불	317
스_	318
한국	319
_3	320
장_	321
최악	322
1점	323
는게	324
_의	325
느낌	326
$어	327
았다	328
야기	329
중_	330
별로	331
_처	332
어서	333
나는	334
_노	335
봐도	336
_할	337
이해	338
기가	339
아이	340
ㅠ$	341
고싶	342
임_	343
_액	344
있어	345
_때	346
그래	347
이나	348
인데	349
_넘	350
$1	351
세요	352
_ㅎ	353
이상	354
리는	355
연출	356
_했	357
겠다	358
아까	359
기도	360
지도	361
우_	362
참_	363
부터	364
_죽	365
들은	366
는지	367
명작	368
_몰	369
_코	370
적으	371
만든	372
역시	373
_추	374
합니	375
여자	376
에게	377
_후	378
화라	379
$최	380
미_	381
대로	382
루하	383
_도	384
이지	385
이영	386
기억	387
$너	388
ㅡㅡ	389
_성	390
많이	391
밌게	392
우리	393
없이	394
이고	395
그런	396
_또	397
깝다	398
$평	399
상_	400
_원	401
리가	402
하네	403
며_	404
_ㅡ	405
_현	406
$_	407
없어	408
괜찮	409
것도	410
_괜	411
_위	412
여주	413
_강	414
네$	415
_허	416
람들	417
아닌	418
기는	419
_분	420
_관	421
일_	422
가는	423
화에	424
금_	425
_극	426
_멋	427
보기	428
ㅎ$	429
같다	430
때문	431
_들	432
들었	433
_짜	434
래_	435
오는	436
_돈	437
00	438
줄_	439
_세	440
보여	441
_따	442
봤다	443
안_	444
다른	445
아름	446
엔_	447
_구	448
_난	449
마음	450
대한	451
다면	452
공포	453
었는	454
내내	455
된_	456
_화	457
현실	458
다니	459
_심	460
$지	461
적_	462
작이	463
이었	464
_동	465
화다	466
나도	467
ㅠ_	468
_두	469
기에	470
것이	471
제_	472
주_	473
무슨	474
_로	475
유치	476
문에	477
은데	478
아요	479
결말	480
국_	481
_캐	482
전개	483
없음	484
_김	485
인생	486
남자	487
는것	488
일본	489
_에	490
안되	491
는건	492
$보	493
중에	494
아서	495
$나	496
아무	497
소재	498
준_	499
하기	500
않는	501
_특	502
있게	503
번_	504
_뭔	505
화의	506
볼만	507
짜증	508
드는	509
0년	510
애니	511
동적	512
라도	513
_당	514
_발	515
수준	516
막_	517
반전	518
만에	519
그렇	520
몰입	521
기를	522
필요	523
한번	524
했는	525
이네	526
$감	527
음악	528
인지	529
가장	530
두_	531
스릴	532
_음	533
_잼	534
보지	535
20	536
_꼭	537
_초	538
싶다	539
였다	540
을까	541
슨_	542
ㅡ_	543
록_	544
용_	545
_막	546
눈물	547
지않	548
아하	549
영상	550
주고	551
화인	552
$오	553
$시	554
재밋	555
_울	556
인가	557
른_	558
$스	559
여_	560
매력	561
_표	562
체_	563
가슴	564
인간	565
많은	566
_차	567
또_	568
_필	569
원작	570
$한	571
_귀	572
님_	573
뭐_	574
_슬	575
_엄	576
없었	577
_줄	578
단_	579
_설	580
이들	581
다운	582
나라	583
_힘	584
만드	585
_망	586
린_	587
_요	588
럼_	589
는다	590
긴_	591
_O	592
$전	593
지마	594
꼭_	595
_단	596
$마	597
극장	598
나온	599
_졸	600
르겠	601
저_	602
_포	603
여운	604
니까	605
_점	606
나서	607
구_	608
못하	609
래도	610
화보	611
구나	612
음이	613
드_	614
좋다	615
고$	616
어지	617
ㅜㅜ	618
스럽	619
코미	620
미디	621
$여	622
싶은	623
_빠	624
$별	625
_낮	626
솔직	627
간이	628
_잔	629
_속	630
않고	631
_걸	632
개_	633
$다	634
밌다	635
추천	636
가지	637
처럼	638
_맞	639
_얼	640
_과	641
란_	642
_흥	643
니라	644
_존	645
_절	646
있고	647
억지	648
_높	649
이제	650
아주	651
더라	652
모든	653
_서	654
밌어	655
디_	656
같아	657
_선	658
아직	659
된다	660
만한	661
대박	662
리즈	663
릭터	664
려고	665
끝까	666
소리	667
_누	668
자체	669
대체	670
화였	671
_계	672
름다	673
분_	674
밌었	675
실망	676
볼_	677
용이	678
션_	679
러_	680
었던	681
했던	682
길_	683
거리	684
스러	685
캐릭	686
성_	687
보이	688
부분	689
_박	690
각하	691
는영	692
오_	693
리도	694
지고	695
생_	696
_근	697
_충	698
막장	699
있을	700
전에	701
정_	702
었어	703
속_	704
에는	705
_5	706
_적	707
_방	708
_리	709
수가	710
_4	711
밖에	712
봐야	713
이는	714
개봉	715
직히	716
보니	717
뭔가	718
가족	719
알았	720
_건	721
_듯	722
사_	723
없네	724
_집	725
스트	726
시리	727
모두	728
대사	729
서도	730
_긴	731
지$	732
건지	733
_뻔	734
중간	735
감_	736
$제	737
메이	738
않은	739
기력	740
_게	741
트_	742
넘_	743
이랑	744
_억	745
전혀	746
시나	747
려_	748
화로	749
_짱	750
_돌	751
듯$	752
이없	753
까운	754
만하	755
보게	756
들을	757
악의	758
_라	759
화중	760
$개	761
잼있	762
근데	763
동_	764
애들	765
공감	766
자들	767
남는	768
라면	769
_찾	770
독이	771
었음	772
름_	773
품_	774
수있	775
긴장	776
독_	777
신_	778
혀_	779
모습	780
떨어	781
_순	782
$우	783
해도	784
어떻	785
엄청	786
미도	787
이가	788
표현	789
무리	790
스터	791
_받	792
$사	793
$완	794
$기	795
점은	796
준다	797
_편	798
이걸	799
할수	800
계속	801
분들	802
해주	803
나와	804
제목	805
_머	806
대단	807
_피	808
$역	809
_욕	810
만큼	811
_8	812
치_	813
_9	814
떻게	815
어이	816
_행	817
선_	818
_문	819
_찍	820
같이	821
물_	822
람이	823
그러	824
_ㅜ	825
국영	826
미가	827
용도	828
년_	829
니고	830
작가	831
악_	832
웃기	833
타임	834
죠_	835
_새	836
어디	837
_7	838
알바	839
자기	840
진심	841
함$	842
이유	843
점을	844
기분	845
아쉽	846
라$	847
밌는	848
_몇	849
ㅡ$	850
력_	851
것같	852
수록	853
_외	854
릴러	855
점도	856
겠지	857
난다	858
봤습	859
흥미	860
_열	861
해야	862
_된	863
성이	864
에도	865
러운	866
을때	867
잔잔	868
았는	869
$가	870
나왔	871
들도	872
정신	873
ㅎ_	874
_떨	875
_경	876
스타	877
력이	878
_간	879
분이	880
$무	881
_와	882
_준	883
아쉬	884
친구	885
고있	886
질_	887
로도	888
_파	889
봤어	890
_먹	891
어야	892
리스	893
_치	894
_버	895
_언	896
_프	897
기$	898
_올	899
개인	900
심_	901
조금	902
리나	903
시대	904
$난	905
$유	906
$좋	907
씨_	908
어도	909
공_	910
별_	911
요즘	912
제작	913
않았	914
장감	915
부족	916
점수	917
$ㅋ	918
던데	919
기다	920
_놀	921
끝나	922
_출	923
제대	924
_갈	925
_함	926
느껴	927
_달	928
노래	929
_딱	930
엔딩	931
못한	932
$2	933
_답	934
거지	935
도로	936
발_	937
리지	938
볼수	939
ㅜ$	940
$대	941
_교	942
장에	943
화이	944
시작	945
안하	946
이션	947
절대	948
연_	949
물이	950
_엉	951
_등	952
한테	953
_호	954
왜이	955
정이	956
이것	957
마다	958
_질	959
들에	960
간에	961
기만	962
_물	963
이란	964
오랜	965
제일	966
_믿	967
특히	968
보세	969
_약	970
$와	971
안나	972
의미	973
_손	974
해요	975
치는	976
노잼	977
화입	978
런영	979
_즐	980
잼_	981
날_	982
$일	983
출_	984
만화	985
라리	986
급_	987
무서	988
리오	989
편_	990
마라	991
미국	992
화도	993
포스	994
무나	995
$미	996
운이	997
_입	998
에요	999